0 info it worked if it ends with ok
1 verbose cli [ 'C:\\Program Files\\nodejs\\node.exe',
1 verbose cli   'C:\\Program Files\\nodejs\\node_modules\\npm\\bin\\npm-cli.js',
1 verbose cli   'install',
1 verbose cli   'normalize.css' ]
2 info using npm@2.14.7
3 info using node@v4.2.0
4 verbose install initial load of C:\projects\personal-project\package.json
5 verbose readDependencies loading dependencies from C:\projects\personal-project\package.json
6 silly cache add args [ 'normalize.css', null ]
7 verbose cache add spec normalize.css
8 silly cache add parsed spec Result {
8 silly cache add   raw: 'normalize.css',
8 silly cache add   scope: null,
8 silly cache add   name: null,
8 silly cache add   rawSpec: 'normalize.css',
8 silly cache add   spec: 'C:\\projects\\personal-project\\normalize.css',
8 silly cache add   type: 'local' }
9 silly addLocalTarball shasum (computed) 3f40e8a9fe8e7bd5cfc4cf4cbbbcb9539462e973
10 verbose addTmpTarball C:\projects\personal-project\normalize.css not in flight; adding
11 verbose addTmpTarball validating metadata from C:\projects\personal-project\normalize.css
12 verbose tar unpack C:\projects\personal-project\normalize.css
13 verbose tar unpacking to C:\Users\Odilon\AppData\Local\Temp\npm-6796-31d6389f\unpack-f1b17dd8363e
14 silly gentlyRm C:\Users\Odilon\AppData\Local\Temp\npm-6796-31d6389f\unpack-f1b17dd8363e is being purged
15 verbose gentlyRm don't care about contents; nuking C:\Users\Odilon\AppData\Local\Temp\npm-6796-31d6389f\unpack-f1b17dd8363e
16 silly gunzTarPerm modes [ '777', '666' ]
17 error not a package C:\projects\personal-project\normalize.css
18 error addLocal Could not install C:\projects\personal-project\normalize.css
19 verbose stack Error: ENOENT: no such file or directory, open 'C:\Users\Odilon\AppData\Local\Temp\npm-6796-31d6389f\unpack-f1b17dd8363e\package.json'
19 verbose stack     at Error (native)
20 verbose cwd C:\projects\personal-project
21 error Windows_NT 10.0.10240
22 error argv "C:\\Program Files\\nodejs\\node.exe" "C:\\Program Files\\nodejs\\node_modules\\npm\\bin\\npm-cli.js" "install" "normalize.css"
23 error node v4.2.0
24 error npm  v2.14.7
25 error path C:\Users\Odilon\AppData\Local\Temp\npm-6796-31d6389f\unpack-f1b17dd8363e\package.json
26 error code ENOENT
27 error errno -4058
28 error syscall open
29 error enoent ENOENT: no such file or directory, open 'C:\Users\Odilon\AppData\Local\Temp\npm-6796-31d6389f\unpack-f1b17dd8363e\package.json'
29 error enoent This is most likely not a problem with npm itself
29 error enoent and is related to npm not being able to find a file.
30 verbose exit [ -4058, true ]
